<?xml version="1.0" encoding="UTF-8" ?>
<testsuite tests="1" failures="1" name="mock.developmentTestRunner" time="5.394" errors="0" skipped="0">
  <properties>
[...]
</properties>
  <testcase classname="mock.developmentTestRunner" name="runTestParallel" time="5.394">
    <failure message="failed features:
mock.user.userTests: userTests.feature:37 - 
-unknown-:6 - javascript evaluation failed: Java.type(&apos;dataGenerator&apos;), java.lang.ClassNotFoundException: dataGenerator
 expected:&lt;0&gt; but was:&lt;1&gt;" type="java.lang.AssertionError">java.lang.AssertionError: failed features:
mock.user.userTests: userTests.feature:37 - 
-unknown-:6 - javascript evaluation failed: Java.type(&apos;dataGenerator&apos;), java.lang.ClassNotFoundException: dataGenerator
 expected:&lt;0&gt; but was:&lt;1&gt;
	at org.junit.Assert.fail(Assert.java:88)
	at org.junit.Assert.failNotEquals(Assert.java:834)
	at org.junit.Assert.assertEquals(Assert.java:645)
	at mock.developmentTestRunner.runTestParallel(developmentTestRunner.java:33)
	at sun.reflect.NativeMethodAccessorImpl.invoke0(Native Method)
	at sun.reflect.NativeMethodAccessorImpl.invoke(NativeMethodAccessorImpl.java:62)
	at sun.reflect.DelegatingMethodAccessorImpl.invoke(DelegatingMethodAccessorImpl.java:43)
	at java.lang.reflect.Method.invoke(Method.java:498)
	at org.junit.runners.model.FrameworkMethod$1.runReflectiveCall(FrameworkMethod.java:50)
	at org.junit.internal.runners.model.ReflectiveCallable.run(ReflectiveCallable.java:12)
	at org.junit.runners.model.FrameworkMethod.invokeExplosively(FrameworkMethod.java:47)
	at org.junit.internal.runners.statements.InvokeMethod.evaluate(InvokeMethod.java:17)
	at org.junit.runners.ParentRunner.runLeaf(ParentRunner.java:325)
	at org.junit.runners.BlockJUnit4ClassRunner.runChild(BlockJUnit4ClassRunner.java:78)
	at org.junit.runners.BlockJUnit4ClassRunner.runChild(BlockJUnit4ClassRunner.java:57)
	at org.junit.runners.ParentRunner$3.run(ParentRunner.java:290)
	at org.junit.runners.ParentRunner$1.schedule(ParentRunner.java:71)
	at org.junit.runners.ParentRunner.runChildren(ParentRunner.java:288)
	at org.junit.runners.ParentRunner.access$000(ParentRunner.java:58)
	at org.junit.runners.ParentRunner$2.evaluate(ParentRunner.java:268)
	at org.junit.runners.ParentRunner.run(ParentRunner.java:363)
	at org.apache.maven.surefire.junit4.JUnit4Provider.execute(JUnit4Provider.java:252)
	at org.apache.maven.surefire.junit4.JUnit4Provider.executeTestSet(JUnit4Provider.java:141)
	at org.apache.maven.surefire.junit4.JUnit4Provider.invoke(JUnit4Provider.java:112)
	at sun.reflect.NativeMethodAccessorImpl.invoke0(Native Method)
	at sun.reflect.NativeMethodAccessorImpl.invoke(NativeMethodAccessorImpl.java:62)
	at sun.reflect.DelegatingMethodAccessorImpl.invoke(DelegatingMethodAccessorImpl.java:43)
	at java.lang.reflect.Method.invoke(Method.java:498)
	at org.apache.maven.surefire.util.ReflectionUtils.invokeMethodWithArray(ReflectionUtils.java:189)
	at org.apache.maven.surefire.booter.ProviderFactory$ProviderProxy.invoke(ProviderFactory.java:165)
	at org.apache.maven.surefire.booter.ProviderFactory.invokeProvider(ProviderFactory.java:85)
	at org.apache.maven.surefire.booter.ForkedBooter.runSuitesInProcess(ForkedBooter.java:115)
	at org.apache.maven.surefire.booter.ForkedBooter.main(ForkedBooter.java:75)
</failure>
    <system-out>15:15:04.240 [main] INFO  com.intuit.karate.Runner - waiting for parallel features to complete ...
15:15:04.542 [ForkJoinPool-1-worker-2] INFO  com.intuit.karate - [print] query users(
    $limit: Int
){
    users(
        options: {
            paginate: {
                limit: $limit
            }
        }
    ){
        data{
            id
            name
            username
            email
            address{
                street
                city
                zipcode
            }
            phone
            website
            company{
                name
            }
        }
    }
}
15:15:04.544 [ForkJoinPool-1-worker-3] INFO  com.intuit.karate - scenario called at line: 10 by tag: @GetListUser
15:15:04.544 [ForkJoinPool-1-worker-1] INFO  com.intuit.karate - [print] mutation createUser(
    $name: String!
    $username: String!
    $email: String!
    $street: String
    $city: String
    $zipcode: String
    $phone: String
    $website: String
    $companyName: String!

){
    createUser(
        input:{
            name: $name
            username: $username
            email: $email
            address: {
                street: $street
                city: $city
                zipcode: $zipcode
            }
            phone: $phone
            website: $website
            company: {
                name: $companyName
            }
        }
    ){
        id
        name
        username
        email
    }
}
15:15:04.547 [ForkJoinPool-1-worker-2] INFO  com.intuit.karate - [print] {
  &quot;limit&quot;: 3
}

15:15:04.547 [ForkJoinPool-1-worker-1] INFO  com.intuit.karate - [print] {
  &quot;name&quot;: &quot;Patricia Lebsack&quot;,
  &quot;username&quot;: &quot;Karianne&quot;,
  &quot;email&quot;: &quot;Julianne.OConner@kory.org&quot;,
  &quot;street&quot;: &quot;Hoeger Mall&quot;,
  &quot;city&quot;: &quot;South Elvis&quot;,
  &quot;zipcode&quot;: &quot;53919-4257&quot;,
  &quot;phone&quot;: &quot;493-170-9623 x156&quot;,
  &quot;website&quot;: &quot;kale.biz&quot;,
  &quot;companyName&quot;: &quot;Robel-Corkery&quot;
}

15:15:04.557 [ForkJoinPool-1-worker-3] ERROR com.intuit.karate - feature call failed: classpath:mock/user/reUsableUserSteps.feature
arg: null
-unknown-:6 - javascript evaluation failed: Java.type(&apos;dataGenerator&apos;), java.lang.ClassNotFoundException: dataGenerator
15:15:06.629 [ForkJoinPool-1-worker-1] INFO  com.intuit.karate - [print] {
  &quot;data&quot;: {
    &quot;createUser&quot;: {
      &quot;name&quot;: &quot;Patricia Lebsack&quot;,
      &quot;id&quot;: &quot;11&quot;,
      &quot;email&quot;: &quot;Julianne.OConner@kory.org&quot;,
      &quot;username&quot;: &quot;Karianne&quot;
    }
  }
}

15:15:07.186 [ForkJoinPool-1-worker-2] INFO  com.intuit.karate - [print] {
  &quot;data&quot;: {
    &quot;users&quot;: {
      &quot;data&quot;: [
        {
          &quot;website&quot;: &quot;hildegard.org&quot;,
          &quot;address&quot;: {
            &quot;zipcode&quot;: &quot;92998-3874&quot;,
            &quot;city&quot;: &quot;Gwenborough&quot;,
            &quot;street&quot;: &quot;Kulas Light&quot;
          },
          &quot;phone&quot;: &quot;1-770-736-8031 x56442&quot;,
          &quot;name&quot;: &quot;Leanne Graham&quot;,
          &quot;company&quot;: {
            &quot;name&quot;: &quot;Romaguera-Crona&quot;
          },
          &quot;id&quot;: &quot;1&quot;,
          &quot;email&quot;: &quot;Sincere@april.biz&quot;,
          &quot;username&quot;: &quot;Bret&quot;
        },
        {
          &quot;website&quot;: &quot;anastasia.net&quot;,
          &quot;address&quot;: {
            &quot;zipcode&quot;: &quot;90566-7771&quot;,
            &quot;city&quot;: &quot;Wisokyburgh&quot;,
            &quot;street&quot;: &quot;Victor Plains&quot;
          },
          &quot;phone&quot;: &quot;010-692-6593 x09125&quot;,
          &quot;name&quot;: &quot;Ervin Howell&quot;,
          &quot;company&quot;: {
            &quot;name&quot;: &quot;Deckow-Crist&quot;
          },
          &quot;id&quot;: &quot;2&quot;,
          &quot;email&quot;: &quot;Shanna@melissa.tv&quot;,
          &quot;username&quot;: &quot;Antonette&quot;
        },
        {
          &quot;website&quot;: &quot;ramiro.info&quot;,
          &quot;address&quot;: {
            &quot;zipcode&quot;: &quot;59590-4157&quot;,
            &quot;city&quot;: &quot;McKenziehaven&quot;,
            &quot;street&quot;: &quot;Douglas Extension&quot;
          },
          &quot;phone&quot;: &quot;1-463-123-4447&quot;,
          &quot;name&quot;: &quot;Clementine Bauch&quot;,
          &quot;company&quot;: {
            &quot;name&quot;: &quot;Romaguera-Jacobson&quot;
          },
          &quot;id&quot;: &quot;3&quot;,
          &quot;email&quot;: &quot;Nathan@yesenia.net&quot;,
          &quot;username&quot;: &quot;Samantha&quot;
        }
      ]
    }
  }
}

15:15:07.466 [pool-1-thread-2] INFO  com.intuit.karate.Runner - &lt;&lt;fail&gt;&gt; feature 2 of 2: classpath:mock/user/userTests.feature
---------------------------------------------------------
feature: classpath:mock/user/userTests.feature
report: target/surefire-reports/mock.user.userTests.json
scenarios:  3 | passed:  2 | failed:  1 | time: 4.8221
---------------------------------------------------------
Karate version: 0.9.5
======================================================
elapsed:   3.90 | threads:    3 | thread time: 4.82 
features:     1 | ignored:    1 | efficiency: 0.41
scenarios:    3 | passed:     2 | failed: 1
======================================================
failed features:
mock.user.userTests: userTests.feature:37 - 
-unknown-:6 - javascript evaluation failed: Java.type(&apos;dataGenerator&apos;), java.lang.ClassNotFoundException: dataGenerator

</system-out>
    <system-err>May 27, 2021 3:15:07 PM net.masterthought.cucumber.ReportParser parseJsonFiles
INFO: File &apos;/Users/sintaadiyasa/Documents/ISQA/gatling-isqa/target/surefire-reports/mock.user.userTests.json&apos; contains 1 features
</system-err>
  </testcase>
</testsuite>