<?xml version="1.0" encoding="UTF-8" ?>
<testsuite tests="1" failures="1" name="mock.developmentTestRunner" time="5.394" errors="0" skipped="0">
  <properties>
    <property name="java.runtime.name" value="Java(TM) SE Runtime Environment"/>
    <property name="sun.boot.library.path" value="/Library/Java/JavaVirtualMachines/jdk1.8.0_221.jdk/Contents/Home/jre/lib"/>
    <property name="java.vm.version" value="25.221-b11"/>
    <property name="gopherProxySet" value="false"/>
    <property name="java.vm.vendor" value="Oracle Corporation"/>
    <property name="maven.multiModuleProjectDirectory" value="/Users/sintaadiyasa/Documents/ISQA/gatling-isqa"/>
    <property name="java.vendor.url" value="http://java.oracle.com/"/>
    <property name="path.separator" value=":"/>
    <property name="guice.disable.misplaced.annotation.check" value="true"/>
    <property name="java.vm.name" value="Java HotSpot(TM) 64-Bit Server VM"/>
    <property name="file.encoding.pkg" value="sun.io"/>
    <property name="user.country" value="ID"/>
    <property name="sun.java.launcher" value="SUN_STANDARD"/>
    <property name="sun.os.patch.level" value="unknown"/>
    <property name="test" value="developmentTestRunner"/>
    <property name="java.vm.specification.name" value="Java Virtual Machine Specification"/>
    <property name="user.dir" value="/Users/sintaadiyasa/Documents/ISQA/gatling-isqa"/>
    <property name="java.runtime.version" value="1.8.0_221-b11"/>
    <property name="java.awt.graphicsenv" value="sun.awt.CGraphicsEnvironment"/>
    <property name="java.endorsed.dirs" value="/Library/Java/JavaVirtualMachines/jdk1.8.0_221.jdk/Contents/Home/jre/lib/endorsed"/>
    <property name="os.arch" value="x86_64"/>
    <property name="java.io.tmpdir" value="/var/folders/80/0bqbnc7s3kz2lrypc7ccc48r0000gn/T/"/>
    <property name="line.separator" value="
"/>
    <property name="java.vm.specification.vendor" value="Oracle Corporation"/>
    <property name="os.name" value="Mac OS X"/>
    <property name="classworlds.conf" value="/Users/sintaadiyasa/Documents/Maven/apache-maven-3.6.3/bin/m2.conf"/>
    <property name="sun.jnu.encoding" value="UTF-8"/>
    <property name="java.library.path" value="/Users/sintaadiyasa/Library/Java/Extensions:/Library/Java/Extensions:/Network/Library/Java/Extensions:/System/Library/Java/Extensions:/usr/lib/java:."/>
    <property name="maven.conf" value="/Users/sintaadiyasa/Documents/Maven/apache-maven-3.6.3/conf"/>
    <property name="java.specification.name" value="Java Platform API Specification"/>
    <property name="java.class.version" value="52.0"/>
    <property name="sun.management.compiler" value="HotSpot 64-Bit Tiered Compilers"/>
    <property name="os.version" value="10.14.6"/>
    <property name="library.jansi.path" value="/Users/sintaadiyasa/Documents/Maven/apache-maven-3.6.3/lib/jansi-native"/>
    <property name="user.home" value="/Users/sintaadiyasa"/>
    <property name="user.timezone" value="Asia/Jakarta"/>
    <property name="java.awt.printerjob" value="sun.lwawt.macosx.CPrinterJob"/>
    <property name="java.specification.version" value="1.8"/>
    <property name="file.encoding" value="UTF-8"/>
    <property name="user.name" value="sintaadiyasa"/>
    <property name="java.class.path" value="/Users/sintaadiyasa/Documents/Maven/apache-maven-3.6.3/boot/plexus-classworlds-2.6.0.jar"/>
    <property name="java.vm.specification.version" value="1.8"/>
    <property name="sun.arch.data.model" value="64"/>
    <property name="java.home" value="/Library/Java/JavaVirtualMachines/jdk1.8.0_221.jdk/Contents/Home/jre"/>
    <property name="sun.java.command" value="org.codehaus.plexus.classworlds.launcher.Launcher clean install -Dtest=developmentTestRunner"/>
    <property name="java.specification.vendor" value="Oracle Corporation"/>
    <property name="user.language" value="en"/>
    <property name="awt.toolkit" value="sun.lwawt.macosx.LWCToolkit"/>
    <property name="java.vm.info" value="mixed mode"/>
    <property name="java.version" value="1.8.0_221"/>
    <property name="java.ext.dirs" value="/Users/sintaadiyasa/Library/Java/Extensions:/Library/Java/JavaVirtualMachines/jdk1.8.0_221.jdk/Contents/Home/jre/lib/ext:/Library/Java/Extensions:/Network/Library/Java/Extensions:/System/Library/Java/Extensions:/usr/lib/java"/>
    <property name="sun.boot.class.path" value="/Library/Java/JavaVirtualMachines/jdk1.8.0_221.jdk/Contents/Home/jre/lib/resources.jar:/Library/Java/JavaVirtualMachines/jdk1.8.0_221.jdk/Contents/Home/jre/lib/rt.jar:/Library/Java/JavaVirtualMachines/jdk1.8.0_221.jdk/Contents/Home/jre/lib/sunrsasign.jar:/Library/Java/JavaVirtualMachines/jdk1.8.0_221.jdk/Contents/Home/jre/lib/jsse.jar:/Library/Java/JavaVirtualMachines/jdk1.8.0_221.jdk/Contents/Home/jre/lib/jce.jar:/Library/Java/JavaVirtualMachines/jdk1.8.0_221.jdk/Contents/Home/jre/lib/charsets.jar:/Library/Java/JavaVirtualMachines/jdk1.8.0_221.jdk/Contents/Home/jre/lib/jfr.jar:/Library/Java/JavaVirtualMachines/jdk1.8.0_221.jdk/Contents/Home/jre/classes"/>
    <property name="java.vendor" value="Oracle Corporation"/>
    <property name="maven.home" value="/Users/sintaadiyasa/Documents/Maven/apache-maven-3.6.3"/>
    <property name="file.separator" value="/"/>
    <property name="java.vendor.url.bug" value="http://bugreport.sun.com/bugreport/"/>
    <property name="sun.cpu.endian" value="little"/>
    <property name="sun.io.unicode.encoding" value="UnicodeBig"/>
    <property name="sun.cpu.isalist" value=""/>
  </properties>
  <testcase classname="mock.developmentTestRunner" name="runTestParallel" time="5.394">
    <failure message="failed features:
mock.user.userTests: userTests.feature:37 - 
-unknown-:6 - javascript evaluation failed: Java.type(&apos;dataGenerator&apos;), java.lang.ClassNotFoundException: dataGenerator
 expected:&lt;0&gt; but was:&lt;1&gt;" type="java.lang.AssertionError">java.lang.AssertionError: failed features:
mock.user.userTests: userTests.feature:37 - 
-unknown-:6 - javascript evaluation failed: Java.type(&apos;dataGenerator&apos;), java.lang.ClassNotFoundException: dataGenerator
 expected:&lt;0&gt; but was:&lt;1&gt;
	at org.junit.Assert.fail(Assert.java:88)
	at org.junit.Assert.failNotEquals(Assert.java:834)
	at org.junit.Assert.assertEquals(Assert.java:645)
	at mock.developmentTestRunner.runTestParallel(developmentTestRunner.java:33)
	at sun.reflect.NativeMethodAccessorImpl.invoke0(Native Method)
	at sun.reflect.NativeMethodAccessorImpl.invoke(NativeMethodAccessorImpl.java:62)
	at sun.reflect.DelegatingMethodAccessorImpl.invoke(DelegatingMethodAccessorImpl.java:43)
	at java.lang.reflect.Method.invoke(Method.java:498)
	at org.junit.runners.model.FrameworkMethod$1.runReflectiveCall(FrameworkMethod.java:50)
	at org.junit.internal.runners.model.ReflectiveCallable.run(ReflectiveCallable.java:12)
	at org.junit.runners.model.FrameworkMethod.invokeExplosively(FrameworkMethod.java:47)
	at org.junit.internal.runners.statements.InvokeMethod.evaluate(InvokeMethod.java:17)
	at org.junit.runners.ParentRunner.runLeaf(ParentRunner.java:325)
	at org.junit.runners.BlockJUnit4ClassRunner.runChild(BlockJUnit4ClassRunner.java:78)
	at org.junit.runners.BlockJUnit4ClassRunner.runChild(BlockJUnit4ClassRunner.java:57)
	at org.junit.runners.ParentRunner$3.run(ParentRunner.java:290)
	at org.junit.runners.ParentRunner$1.schedule(ParentRunner.java:71)
	at org.junit.runners.ParentRunner.runChildren(ParentRunner.java:288)
	at org.junit.runners.ParentRunner.access$000(ParentRunner.java:58)
	at org.junit.runners.ParentRunner$2.evaluate(ParentRunner.java:268)
	at org.junit.runners.ParentRunner.run(ParentRunner.java:363)
	at org.apache.maven.surefire.junit4.JUnit4Provider.execute(JUnit4Provider.java:252)
	at org.apache.maven.surefire.junit4.JUnit4Provider.executeTestSet(JUnit4Provider.java:141)
	at org.apache.maven.surefire.junit4.JUnit4Provider.invoke(JUnit4Provider.java:112)
	at sun.reflect.NativeMethodAccessorImpl.invoke0(Native Method)
	at sun.reflect.NativeMethodAccessorImpl.invoke(NativeMethodAccessorImpl.java:62)
	at sun.reflect.DelegatingMethodAccessorImpl.invoke(DelegatingMethodAccessorImpl.java:43)
	at java.lang.reflect.Method.invoke(Method.java:498)
	at org.apache.maven.surefire.util.ReflectionUtils.invokeMethodWithArray(ReflectionUtils.java:189)
	at org.apache.maven.surefire.booter.ProviderFactory$ProviderProxy.invoke(ProviderFactory.java:165)
	at org.apache.maven.surefire.booter.ProviderFactory.invokeProvider(ProviderFactory.java:85)
	at org.apache.maven.surefire.booter.ForkedBooter.runSuitesInProcess(ForkedBooter.java:115)
	at org.apache.maven.surefire.booter.ForkedBooter.main(ForkedBooter.java:75)
</failure>
    <system-out>15:15:04.240 [main] INFO  com.intuit.karate.Runner - waiting for parallel features to complete ...
15:15:04.542 [ForkJoinPool-1-worker-2] INFO  com.intuit.karate - [print] query users(
    $limit: Int
){
    users(
        options: {
            paginate: {
                limit: $limit
            }
        }
    ){
        data{
            id
            name
            username
            email
            address{
                street
                city
                zipcode
            }
            phone
            website
            company{
                name
            }
        }
    }
}
15:15:04.544 [ForkJoinPool-1-worker-3] INFO  com.intuit.karate - scenario called at line: 10 by tag: @GetListUser
15:15:04.544 [ForkJoinPool-1-worker-1] INFO  com.intuit.karate - [print] mutation createUser(
    $name: String!
    $username: String!
    $email: String!
    $street: String
    $city: String
    $zipcode: String
    $phone: String
    $website: String
    $companyName: String!

){
    createUser(
        input:{
            name: $name
            username: $username
            email: $email
            address: {
                street: $street
                city: $city
                zipcode: $zipcode
            }
            phone: $phone
            website: $website
            company: {
                name: $companyName
            }
        }
    ){
        id
        name
        username
        email
    }
}
15:15:04.547 [ForkJoinPool-1-worker-2] INFO  com.intuit.karate - [print] {
  &quot;limit&quot;: 3
}

15:15:04.547 [ForkJoinPool-1-worker-1] INFO  com.intuit.karate - [print] {
  &quot;name&quot;: &quot;Patricia Lebsack&quot;,
  &quot;username&quot;: &quot;Karianne&quot;,
  &quot;email&quot;: &quot;Julianne.OConner@kory.org&quot;,
  &quot;street&quot;: &quot;Hoeger Mall&quot;,
  &quot;city&quot;: &quot;South Elvis&quot;,
  &quot;zipcode&quot;: &quot;53919-4257&quot;,
  &quot;phone&quot;: &quot;493-170-9623 x156&quot;,
  &quot;website&quot;: &quot;kale.biz&quot;,
  &quot;companyName&quot;: &quot;Robel-Corkery&quot;
}

15:15:04.557 [ForkJoinPool-1-worker-3] ERROR com.intuit.karate - feature call failed: classpath:mock/user/reUsableUserSteps.feature
arg: null
-unknown-:6 - javascript evaluation failed: Java.type(&apos;dataGenerator&apos;), java.lang.ClassNotFoundException: dataGenerator
15:15:06.629 [ForkJoinPool-1-worker-1] INFO  com.intuit.karate - [print] {
  &quot;data&quot;: {
    &quot;createUser&quot;: {
      &quot;name&quot;: &quot;Patricia Lebsack&quot;,
      &quot;id&quot;: &quot;11&quot;,
      &quot;email&quot;: &quot;Julianne.OConner@kory.org&quot;,
      &quot;username&quot;: &quot;Karianne&quot;
    }
  }
}

15:15:07.186 [ForkJoinPool-1-worker-2] INFO  com.intuit.karate - [print] {
  &quot;data&quot;: {
    &quot;users&quot;: {
      &quot;data&quot;: [
        {
          &quot;website&quot;: &quot;hildegard.org&quot;,
          &quot;address&quot;: {
            &quot;zipcode&quot;: &quot;92998-3874&quot;,
            &quot;city&quot;: &quot;Gwenborough&quot;,
            &quot;street&quot;: &quot;Kulas Light&quot;
          },
          &quot;phone&quot;: &quot;1-770-736-8031 x56442&quot;,
          &quot;name&quot;: &quot;Leanne Graham&quot;,
          &quot;company&quot;: {
            &quot;name&quot;: &quot;Romaguera-Crona&quot;
          },
          &quot;id&quot;: &quot;1&quot;,
          &quot;email&quot;: &quot;Sincere@april.biz&quot;,
          &quot;username&quot;: &quot;Bret&quot;
        },
        {
          &quot;website&quot;: &quot;anastasia.net&quot;,
          &quot;address&quot;: {
            &quot;zipcode&quot;: &quot;90566-7771&quot;,
            &quot;city&quot;: &quot;Wisokyburgh&quot;,
            &quot;street&quot;: &quot;Victor Plains&quot;
          },
          &quot;phone&quot;: &quot;010-692-6593 x09125&quot;,
          &quot;name&quot;: &quot;Ervin Howell&quot;,
          &quot;company&quot;: {
            &quot;name&quot;: &quot;Deckow-Crist&quot;
          },
          &quot;id&quot;: &quot;2&quot;,
          &quot;email&quot;: &quot;Shanna@melissa.tv&quot;,
          &quot;username&quot;: &quot;Antonette&quot;
        },
        {
          &quot;website&quot;: &quot;ramiro.info&quot;,
          &quot;address&quot;: {
            &quot;zipcode&quot;: &quot;59590-4157&quot;,
            &quot;city&quot;: &quot;McKenziehaven&quot;,
            &quot;street&quot;: &quot;Douglas Extension&quot;
          },
          &quot;phone&quot;: &quot;1-463-123-4447&quot;,
          &quot;name&quot;: &quot;Clementine Bauch&quot;,
          &quot;company&quot;: {
            &quot;name&quot;: &quot;Romaguera-Jacobson&quot;
          },
          &quot;id&quot;: &quot;3&quot;,
          &quot;email&quot;: &quot;Nathan@yesenia.net&quot;,
          &quot;username&quot;: &quot;Samantha&quot;
        }
      ]
    }
  }
}

15:15:07.466 [pool-1-thread-2] INFO  com.intuit.karate.Runner - &lt;&lt;fail&gt;&gt; feature 2 of 2: classpath:mock/user/userTests.feature
---------------------------------------------------------
feature: classpath:mock/user/userTests.feature
report: target/surefire-reports/mock.user.userTests.json
scenarios:  3 | passed:  2 | failed:  1 | time: 4.8221
---------------------------------------------------------
Karate version: 0.9.5
======================================================
elapsed:   3.90 | threads:    3 | thread time: 4.82 
features:     1 | ignored:    1 | efficiency: 0.41
scenarios:    3 | passed:     2 | failed: 1
======================================================
failed features:
mock.user.userTests: userTests.feature:37 - 
-unknown-:6 - javascript evaluation failed: Java.type(&apos;dataGenerator&apos;), java.lang.ClassNotFoundException: dataGenerator

</system-out>
    <system-err>May 27, 2021 3:15:07 PM net.masterthought.cucumber.ReportParser parseJsonFiles
INFO: File &apos;/Users/sintaadiyasa/Documents/ISQA/gatling-isqa/target/surefire-reports/mock.user.userTests.json&apos; contains 1 features
</system-err>
  </testcase>
</testsuite>